build/app/intermediates/manifest_merge_blame_file/release/manifest-merger-blame-release-report.txt
1<?xml version="1.0" encoding="utf-8"?>
2<manifest xmlns:android="http://schemas.android.com/apk/res/android"
3    package="com.nestcareuser_pranvi.com"
4    android:versionCode="32"
5    android:versionName="1.0.0" >
6
7    <uses-sdk
8        android:minSdkVersion="21"
8-->src\main\AndroidManifest.xml
9        android:targetSdkVersion="31" />
9-->src\main\AndroidManifest.xml
10
11    <uses-permission android:name="android.permission.INTERNET" />
11-->src\main\AndroidManifest.xml:3:5-67
11-->src\main\AndroidManifest.xml:3:22-64
12    <uses-permission android:name="android.permission.ACCESS_NETWORK_STATE" />
12-->src\main\AndroidManifest.xml:4:5-79
12-->src\main\AndroidManifest.xml:4:22-76
13    <uses-permission android:name="android.permission.READ_EXTERNAL_STORAGE" />
13-->src\main\AndroidManifest.xml:5:5-80
13-->src\main\AndroidManifest.xml:5:22-77
14    <uses-permission android:name="android.permission.CAMERA" />
14-->src\main\AndroidManifest.xml:6:5-65
14-->src\main\AndroidManifest.xml:6:22-62
15    <uses-permission android:name="android.permission.ACCESS_FINE_LOCATION" />
15-->src\main\AndroidManifest.xml:7:5-79
15-->src\main\AndroidManifest.xml:7:22-76
16    <uses-permission android:name="android.permission.ACCESS_COARSE_LOCATION" />
16-->src\main\AndroidManifest.xml:8:5-81
16-->src\main\AndroidManifest.xml:8:22-78
17    <uses-permission android:name="android.permission.ACCESS_NETWORK_STATE" />
17-->src\main\AndroidManifest.xml:4:5-79
17-->src\main\AndroidManifest.xml:4:22-76
18    <uses-permission android:name="android.permission.FOREGROUND_SERVICE" />
18-->[:geolocator_android] AndroidManifest.xml:7:5-77
18-->[:geolocator_android] AndroidManifest.xml:7:22-74
19
20    <queries>
20-->[:flutter_inappwebview] AndroidManifest.xml:7:5-11:15
21        <intent>
21-->[:flutter_inappwebview] AndroidManifest.xml:8:9-10:18
22            <action android:name="android.support.customtabs.action.CustomTabsService" />
22-->[:flutter_inappwebview] AndroidManifest.xml:9:13-90
22-->[:flutter_inappwebview] AndroidManifest.xml:9:21-87
23        </intent>
24        <intent>
24-->[com.razorpay:checkout:1.6.26] AndroidManifest.xml:12:9-18:18
25            <action android:name="android.intent.action.VIEW" />
25-->[com.onesignal:OneSignal:4.8.2] AndroidManifest.xml:77:17-69
25-->[com.onesignal:OneSignal:4.8.2] AndroidManifest.xml:77:25-66
26
27            <data
27-->[com.razorpay:checkout:1.6.26] AndroidManifest.xml:15:13-17:38
28                android:mimeType="*/*"
28-->[com.razorpay:checkout:1.6.26] AndroidManifest.xml:16:17-39
29                android:scheme="*" />
29-->[com.razorpay:checkout:1.6.26] AndroidManifest.xml:17:17-35
30        </intent>
31        <intent>
31-->[com.razorpay:checkout:1.6.26] AndroidManifest.xml:19:9-28:18
32            <action android:name="android.intent.action.VIEW" />
32-->[com.onesignal:OneSignal:4.8.2] AndroidManifest.xml:77:17-69
32-->[com.onesignal:OneSignal:4.8.2] AndroidManifest.xml:77:25-66
33
34            <category android:name="android.intent.category.BROWSABLE" />
34-->[com.razorpay:checkout:1.6.26] AndroidManifest.xml:22:13-74
34-->[com.razorpay:checkout:1.6.26] AndroidManifest.xml:22:23-71
35
36            <data
36-->[com.razorpay:checkout:1.6.26] AndroidManifest.xml:15:13-17:38
37                android:host="pay"
38                android:mimeType="*/*"
38-->[com.razorpay:checkout:1.6.26] AndroidManifest.xml:16:17-39
39                android:scheme="upi" />
39-->[com.razorpay:checkout:1.6.26] AndroidManifest.xml:17:17-35
40        </intent>
41        <intent>
41-->[com.razorpay:checkout:1.6.26] AndroidManifest.xml:29:9-31:18
42            <action android:name="android.intent.action.MAIN" />
42-->src\main\AndroidManifest.xml:43:17-69
42-->src\main\AndroidManifest.xml:43:25-66
43        </intent>
44        <intent>
44-->[com.razorpay:checkout:1.6.26] AndroidManifest.xml:32:9-36:18
45            <action android:name="android.intent.action.SEND" />
45-->[com.razorpay:checkout:1.6.26] AndroidManifest.xml:33:13-65
45-->[com.razorpay:checkout:1.6.26] AndroidManifest.xml:33:21-62
46
47            <data android:mimeType="*/*" />
47-->[com.razorpay:checkout:1.6.26] AndroidManifest.xml:15:13-17:38
47-->[com.razorpay:checkout:1.6.26] AndroidManifest.xml:16:17-39
48        </intent> <!-- Added to check the default browser that will host the AuthFlow. -->
49        <intent>
49-->[com.stripe:financial-connections:20.4.0] AndroidManifest.xml:15:9-19:18
50            <action android:name="android.intent.action.VIEW" />
50-->[com.onesignal:OneSignal:4.8.2] AndroidManifest.xml:77:17-69
50-->[com.onesignal:OneSignal:4.8.2] AndroidManifest.xml:77:25-66
51
52            <data android:scheme="http" />
52-->[com.razorpay:checkout:1.6.26] AndroidManifest.xml:15:13-17:38
52-->[com.razorpay:checkout:1.6.26] AndroidManifest.xml:17:17-35
53        </intent> <!-- Added to check if Chrome is installed for browser-based payment authentication (e.g. 3DS1). -->
54        <package android:name="com.android.chrome" /> <!-- Needs to be explicitly declared on Android R+ -->
54-->[com.stripe:payments-core:20.4.0] AndroidManifest.xml:13:9-54
54-->[com.stripe:payments-core:20.4.0] AndroidManifest.xml:13:18-51
55        <package android:name="com.google.android.apps.maps" />
55-->[com.google.android.gms:play-services-maps:18.1.0] AndroidManifest.xml:33:9-64
55-->[com.google.android.gms:play-services-maps:18.1.0] AndroidManifest.xml:33:18-61
56    </queries> <!-- Create a unique permission for your app and use it so only your app can receive your OneSignal messages. -->
57    <permission
57-->[com.onesignal:OneSignal:4.8.2] AndroidManifest.xml:7:5-9:47
58        android:name="com.nestcareuser_pranvi.com.permission.C2D_MESSAGE"
58-->[com.onesignal:OneSignal:4.8.2] AndroidManifest.xml:8:9-63
59        android:protectionLevel="signature" />
59-->[com.onesignal:OneSignal:4.8.2] AndroidManifest.xml:9:9-44
60
61    <uses-permission android:name="com.nestcareuser_pranvi.com.permission.C2D_MESSAGE" /> <!-- OneSignal SDK has runtime checks Android version. -->
61-->[com.onesignal:OneSignal:4.8.2] AndroidManifest.xml:11:5-79
61-->[com.onesignal:OneSignal:4.8.2] AndroidManifest.xml:11:22-76
62    <!-- <uses-sdk tools:overrideLibrary="android.support.customtabs"/> -->
63    <!-- Required runtime permission to display notifications on Android 13 -->
64    <uses-permission android:name="android.permission.POST_NOTIFICATIONS" /> <!-- c2dm RECEIVE are basic requirements for push messages through Google's FCM -->
64-->[com.onesignal:OneSignal:4.8.2] AndroidManifest.xml:16:5-77
64-->[com.onesignal:OneSignal:4.8.2] AndroidManifest.xml:16:22-74
65    <uses-permission android:name="com.google.android.c2dm.permission.RECEIVE" /> <!-- Required, makes sure notifications are delivered on time. -->
65-->[com.onesignal:OneSignal:4.8.2] AndroidManifest.xml:18:5-82
65-->[com.onesignal:OneSignal:4.8.2] AndroidManifest.xml:18:22-79
66    <uses-permission android:name="android.permission.WAKE_LOCK" />
66-->[com.onesignal:OneSignal:4.8.2] AndroidManifest.xml:19:5-68
66-->[com.onesignal:OneSignal:4.8.2] AndroidManifest.xml:19:22-65
67    <!--
68 Required so the device vibrates on receiving a push notification.
69         Vibration settings of the device still apply.
70    -->
71    <uses-permission android:name="android.permission.VIBRATE" />
71-->[com.onesignal:OneSignal:4.8.2] AndroidManifest.xml:24:5-66
71-->[com.onesignal:OneSignal:4.8.2] AndroidManifest.xml:24:22-63
72    <!--
73 Use to restore notifications the user hasn't interacted with.
74         They could be missed notifications if the user reboots their device if this isn't in place.
75    -->
76    <uses-permission android:name="android.permission.RECEIVE_BOOT_COMPLETED" /> <!-- START: ShortcutBadger -->
76-->[com.onesignal:OneSignal:4.8.2] AndroidManifest.xml:30:5-81
76-->[com.onesignal:OneSignal:4.8.2] AndroidManifest.xml:30:22-78
77    <!-- Samsung -->
78    <uses-permission android:name="com.sec.android.provider.badge.permission.READ" />
78-->[com.onesignal:OneSignal:4.8.2] AndroidManifest.xml:32:5-86
78-->[com.onesignal:OneSignal:4.8.2] AndroidManifest.xml:32:22-83
79    <uses-permission android:name="com.sec.android.provider.badge.permission.WRITE" /> <!-- HTC -->
79-->[com.onesignal:OneSignal:4.8.2] AndroidManifest.xml:33:5-87
79-->[com.onesignal:OneSignal:4.8.2] AndroidManifest.xml:33:22-84
80    <uses-permission android:name="com.htc.launcher.permission.READ_SETTINGS" />
80-->[com.onesignal:OneSignal:4.8.2] AndroidManifest.xml:34:5-81
80-->[com.onesignal:OneSignal:4.8.2] AndroidManifest.xml:34:22-78
81    <uses-permission android:name="com.htc.launcher.permission.UPDATE_SHORTCUT" /> <!-- Sony -->
81-->[com.onesignal:OneSignal:4.8.2] AndroidManifest.xml:35:5-83
81-->[com.onesignal:OneSignal:4.8.2] AndroidManifest.xml:35:22-80
82    <uses-permission android:name="com.sonyericsson.home.permission.BROADCAST_BADGE" />
82-->[com.onesignal:OneSignal:4.8.2] AndroidManifest.xml:36:5-88
82-->[com.onesignal:OneSignal:4.8.2] AndroidManifest.xml:36:22-85
83    <uses-permission android:name="com.sonymobile.home.permission.PROVIDER_INSERT_BADGE" /> <!-- Apex -->
83-->[com.onesignal:OneSignal:4.8.2] AndroidManifest.xml:37:5-92
83-->[com.onesignal:OneSignal:4.8.2] AndroidManifest.xml:37:22-89
84    <uses-permission android:name="com.anddoes.launcher.permission.UPDATE_COUNT" /> <!-- Solid -->
84-->[com.onesignal:OneSignal:4.8.2] AndroidManifest.xml:38:5-84
84-->[com.onesignal:OneSignal:4.8.2] AndroidManifest.xml:38:22-81
85    <uses-permission android:name="com.majeur.launcher.permission.UPDATE_BADGE" /> <!-- Huawei -->
85-->[com.onesignal:OneSignal:4.8.2] AndroidManifest.xml:39:5-83
85-->[com.onesignal:OneSignal:4.8.2] AndroidManifest.xml:39:22-80
86    <uses-permission android:name="com.huawei.android.launcher.permission.CHANGE_BADGE" />
86-->[com.onesignal:OneSignal:4.8.2] AndroidManifest.xml:40:5-91
86-->[com.onesignal:OneSignal:4.8.2] AndroidManifest.xml:40:22-88
87    <uses-permission android:name="com.huawei.android.launcher.permission.READ_SETTINGS" />
87-->[com.onesignal:OneSignal:4.8.2] AndroidManifest.xml:41:5-92
87-->[com.onesignal:OneSignal:4.8.2] AndroidManifest.xml:41:22-89
88    <uses-permission android:name="com.huawei.android.launcher.permission.WRITE_SETTINGS" /> <!-- ZUK -->
88-->[com.onesignal:OneSignal:4.8.2] AndroidManifest.xml:42:5-93
88-->[com.onesignal:OneSignal:4.8.2] AndroidManifest.xml:42:22-90
89    <uses-permission android:name="android.permission.READ_APP_BADGE" /> <!-- OPPO -->
89-->[com.onesignal:OneSignal:4.8.2] AndroidManifest.xml:43:5-73
89-->[com.onesignal:OneSignal:4.8.2] AndroidManifest.xml:43:22-70
90    <uses-permission android:name="com.oppo.launcher.permission.READ_SETTINGS" />
90-->[com.onesignal:OneSignal:4.8.2] AndroidManifest.xml:44:5-82
90-->[com.onesignal:OneSignal:4.8.2] AndroidManifest.xml:44:22-79
91    <uses-permission android:name="com.oppo.launcher.permission.WRITE_SETTINGS" /> <!-- EvMe -->
91-->[com.onesignal:OneSignal:4.8.2] AndroidManifest.xml:45:5-83
91-->[com.onesignal:OneSignal:4.8.2] AndroidManifest.xml:45:22-80
92    <uses-permission android:name="me.everything.badger.permission.BADGE_COUNT_READ" />
92-->[com.onesignal:OneSignal:4.8.2] AndroidManifest.xml:46:5-88
92-->[com.onesignal:OneSignal:4.8.2] AndroidManifest.xml:46:22-85
93    <uses-permission android:name="me.everything.badger.permission.BADGE_COUNT_WRITE" />
93-->[com.onesignal:OneSignal:4.8.2] AndroidManifest.xml:47:5-89
93-->[com.onesignal:OneSignal:4.8.2] AndroidManifest.xml:47:22-86
94
95    <uses-feature
95-->[com.google.android.gms:play-services-maps:18.1.0] AndroidManifest.xml:26:5-28:35
96        android:glEsVersion="0x00020000"
96-->[com.google.android.gms:play-services-maps:18.1.0] AndroidManifest.xml:27:9-41
97        android:required="true" />
97-->[com.google.android.gms:play-services-maps:18.1.0] AndroidManifest.xml:28:9-32
98
99    <uses-permission android:name="com.google.android.gms.permission.AD_ID" />
99-->[com.google.android.gms:play-services-measurement-api:21.1.1] AndroidManifest.xml:25:5-79
99-->[com.google.android.gms:play-services-measurement-api:21.1.1] AndroidManifest.xml:25:22-76
100    <uses-permission android:name="com.google.android.finsky.permission.BIND_GET_INSTALL_REFERRER_SERVICE" />
100-->[com.google.android.gms:play-services-measurement:21.1.1] AndroidManifest.xml:26:5-110
100-->[com.google.android.gms:play-services-measurement:21.1.1] AndroidManifest.xml:26:22-107
101
102    <application
102-->src\main\AndroidManifest.xml:11:5-57:19
103        android:appComponentFactory="androidx.core.app.CoreComponentFactory"
103-->[androidx.core:core:1.8.0] AndroidManifest.xml:24:18-86
104        android:icon="@mipmap/ic_launcher"
104-->src\main\AndroidManifest.xml:12:9-43
105        android:label="Nestcare Services Customer"
105-->src\main\AndroidManifest.xml:13:9-51
106        android:requestLegacyExternalStorage="true" >
106-->src\main\AndroidManifest.xml:14:9-52
107        <activity
107-->src\main\AndroidManifest.xml:15:9-47:20
108            android:name="com.iqonic.servicebooking.MainActivity"
108-->src\main\AndroidManifest.xml:16:13-41
109            android:configChanges="orientation|keyboardHidden|keyboard|screenSize|smallestScreenSize|locale|layoutDirection|fontScale|screenLayout|density|uiMode"
109-->src\main\AndroidManifest.xml:17:13-163
110            android:exported="true"
110-->src\main\AndroidManifest.xml:20:13-36
111            android:hardwareAccelerated="true"
111-->src\main\AndroidManifest.xml:18:13-47
112            android:launchMode="singleTop"
112-->src\main\AndroidManifest.xml:19:13-43
113            android:theme="@style/LaunchTheme"
113-->src\main\AndroidManifest.xml:21:13-47
114            android:windowSoftInputMode="adjustResize" >
114-->src\main\AndroidManifest.xml:22:13-55
115
116            <!--
117                 Specifies an Android theme to apply to this Activity as soon as
118                 the Android process has started. This theme is visible to the user
119                 while the Flutter UI initializes. After that, this theme continues
120                 to determine the Window background behind the Flutter UI.
121            -->
122            <meta-data
122-->src\main\AndroidManifest.xml:27:13-29:57
123                android:name="io.flutter.embedding.android.NormalTheme"
123-->src\main\AndroidManifest.xml:28:17-72
124                android:resource="@style/NormalTheme" />
124-->src\main\AndroidManifest.xml:29:17-54
125            <meta-data
125-->src\main\AndroidManifest.xml:30:13-32:74
126                android:name="com.google.firebase.messaging.default_notification_icon"
126-->src\main\AndroidManifest.xml:31:17-87
127                android:resource="@drawable/ic_stat_onesignal_default" />
127-->src\main\AndroidManifest.xml:32:17-71
128
129            <!--
130                 Displays an Android View that continues showing the launch screen
131                 Drawable until Flutter paints its first frame, then this splash
132                 screen fades out. A splash screen is useful to avoid any visual
133                 gap between the end of Android's launch screen and the painting of
134                 Flutter's first frame.
135            -->
136            <meta-data
136-->src\main\AndroidManifest.xml:39:13-41:66
137                android:name="io.flutter.embedding.android.SplashScreenDrawable"
137-->src\main\AndroidManifest.xml:40:17-81
138                android:resource="@drawable/launch_background" />
138-->src\main\AndroidManifest.xml:41:17-63
139
140            <intent-filter>
140-->src\main\AndroidManifest.xml:42:13-46:29
141                <action android:name="android.intent.action.MAIN" />
141-->src\main\AndroidManifest.xml:43:17-69
141-->src\main\AndroidManifest.xml:43:25-66
142
143                <category android:name="android.intent.category.LAUNCHER" />
143-->src\main\AndroidManifest.xml:44:17-77
143-->src\main\AndroidManifest.xml:44:27-74
144            </intent-filter>
145        </activity>
146
147        <meta-data
147-->src\main\AndroidManifest.xml:49:9-51:71
148            android:name="com.google.android.geo.API_KEY"
148-->src\main\AndroidManifest.xml:50:13-58
149            android:value="AIzaSyCHJwjZjGSOBc18-3mJM8tCqDYoV3Nk9tQ" />
149-->src\main\AndroidManifest.xml:51:13-68
150        <!--
151             Don't delete the meta-data below.
152             This is used by the Flutter tool to generate GeneratedPluginRegistrant.java
153        -->
154        <meta-data
154-->src\main\AndroidManifest.xml:54:9-56:33
155            android:name="flutterEmbedding"
155-->src\main\AndroidManifest.xml:55:13-44
156            android:value="2" />
156-->src\main\AndroidManifest.xml:56:13-30
157
158        <service
158-->[:firebase_crashlytics] AndroidManifest.xml:8:9-12:19
159            android:name="com.google.firebase.components.ComponentDiscoveryService"
159-->[:firebase_crashlytics] AndroidManifest.xml:8:18-89
160            android:directBootAware="true"
160-->[com.google.firebase:firebase-common:20.1.2] AndroidManifest.xml:35:13-43
161            android:exported="false" >
161-->[com.google.firebase:firebase-auth:21.0.8] AndroidManifest.xml:66:13-37
162            <meta-data
162-->[:firebase_crashlytics] AndroidManifest.xml:9:13-11:85
163                android:name="com.google.firebase.components:io.flutter.plugins.firebase.crashlytics.FlutterFirebaseAppRegistrar"
163-->[:firebase_crashlytics] AndroidManifest.xml:10:17-130
164                android:value="com.google.firebase.components.ComponentRegistrar" />
164-->[:firebase_crashlytics] AndroidManifest.xml:11:17-82
165            <meta-data
165-->[:cloud_firestore] AndroidManifest.xml:9:13-11:85
166                android:name="com.google.firebase.components:io.flutter.plugins.firebase.firestore.FlutterFirebaseFirestoreRegistrar"
166-->[:cloud_firestore] AndroidManifest.xml:10:17-134
167                android:value="com.google.firebase.components.ComponentRegistrar" />
167-->[:cloud_firestore] AndroidManifest.xml:11:17-82
168            <meta-data
168-->[:firebase_auth] AndroidManifest.xml:9:13-11:85
169                android:name="com.google.firebase.components:io.flutter.plugins.firebase.auth.FlutterFirebaseAuthRegistrar"
169-->[:firebase_auth] AndroidManifest.xml:10:17-124
170                android:value="com.google.firebase.components.ComponentRegistrar" />
170-->[:firebase_auth] AndroidManifest.xml:11:17-82
171            <meta-data
171-->[:firebase_remote_config] AndroidManifest.xml:9:13-11:85
172                android:name="com.google.firebase.components:io.flutter.plugins.firebase.firebaseremoteconfig.FlutterFirebaseAppRegistrar"
172-->[:firebase_remote_config] AndroidManifest.xml:10:17-139
173                android:value="com.google.firebase.components.ComponentRegistrar" />
173-->[:firebase_remote_config] AndroidManifest.xml:11:17-82
174            <meta-data
174-->[:firebase_storage] AndroidManifest.xml:9:13-11:85
175                android:name="com.google.firebase.components:io.flutter.plugins.firebase.storage.FlutterFirebaseAppRegistrar"
175-->[:firebase_storage] AndroidManifest.xml:10:17-126
176                android:value="com.google.firebase.components.ComponentRegistrar" />
176-->[:firebase_storage] AndroidManifest.xml:11:17-82
177            <meta-data
177-->[:firebase_core] AndroidManifest.xml:9:13-11:85
178                android:name="com.google.firebase.components:io.flutter.plugins.firebase.core.FlutterFirebaseCoreRegistrar"
178-->[:firebase_core] AndroidManifest.xml:10:17-124
179                android:value="com.google.firebase.components.ComponentRegistrar" />
179-->[:firebase_core] AndroidManifest.xml:11:17-82
180            <meta-data
180-->[com.google.firebase:firebase-auth:21.0.8] AndroidManifest.xml:67:13-69:85
181                android:name="com.google.firebase.components:com.google.firebase.auth.FirebaseAuthRegistrar"
181-->[com.google.firebase:firebase-auth:21.0.8] AndroidManifest.xml:68:17-109
182                android:value="com.google.firebase.components.ComponentRegistrar" />
182-->[com.google.firebase:firebase-auth:21.0.8] AndroidManifest.xml:69:17-82
183            <meta-data
183-->[com.google.firebase:firebase-crashlytics:18.2.13] AndroidManifest.xml:18:13-20:85
184                android:name="com.google.firebase.components:com.google.firebase.crashlytics.CrashlyticsRegistrar"
184-->[com.google.firebase:firebase-crashlytics:18.2.13] AndroidManifest.xml:19:17-115
185                android:value="com.google.firebase.components.ComponentRegistrar" />
185-->[com.google.firebase:firebase-crashlytics:18.2.13] AndroidManifest.xml:20:17-82
186            <meta-data
186-->[com.google.firebase:firebase-firestore:24.3.1] AndroidManifest.xml:20:13-22:85
187                android:name="com.google.firebase.components:com.google.firebase.firestore.FirestoreRegistrar"
187-->[com.google.firebase:firebase-firestore:24.3.1] AndroidManifest.xml:21:17-111
188                android:value="com.google.firebase.components.ComponentRegistrar" />
188-->[com.google.firebase:firebase-firestore:24.3.1] AndroidManifest.xml:22:17-82
189            <meta-data
189-->[com.google.firebase:firebase-config:21.1.2] AndroidManifest.xml:32:13-34:85
190                android:name="com.google.firebase.components:com.google.firebase.remoteconfig.RemoteConfigRegistrar"
190-->[com.google.firebase:firebase-config:21.1.2] AndroidManifest.xml:33:17-117
191                android:value="com.google.firebase.components.ComponentRegistrar" />
191-->[com.google.firebase:firebase-config:21.1.2] AndroidManifest.xml:34:17-82
192            <meta-data
192-->[com.google.firebase:firebase-storage:20.0.2] AndroidManifest.xml:33:13-35:85
193                android:name="com.google.firebase.components:com.google.firebase.storage.StorageRegistrar"
193-->[com.google.firebase:firebase-storage:20.0.2] AndroidManifest.xml:34:17-107
194                android:value="com.google.firebase.components.ComponentRegistrar" />
194-->[com.google.firebase:firebase-storage:20.0.2] AndroidManifest.xml:35:17-82
195            <meta-data
195-->[com.google.android.gms:play-services-measurement-api:21.1.1] AndroidManifest.xml:31:13-33:85
196                android:name="com.google.firebase.components:com.google.firebase.analytics.connector.internal.AnalyticsConnectorRegistrar"
196-->[com.google.android.gms:play-services-measurement-api:21.1.1] AndroidManifest.xml:32:17-139
197                android:value="com.google.firebase.components.ComponentRegistrar" />
197-->[com.google.android.gms:play-services-measurement-api:21.1.1] AndroidManifest.xml:33:17-82
198            <meta-data
198-->[com.google.firebase:firebase-messaging:23.0.8] AndroidManifest.xml:56:13-58:85
199                android:name="com.google.firebase.components:com.google.firebase.messaging.FirebaseMessagingRegistrar"
199-->[com.google.firebase:firebase-messaging:23.0.8] AndroidManifest.xml:57:17-119
200                android:value="com.google.firebase.components.ComponentRegistrar" />
200-->[com.google.firebase:firebase-messaging:23.0.8] AndroidManifest.xml:58:17-82
201            <meta-data
201-->[com.google.firebase:firebase-installations:17.0.3] AndroidManifest.xml:18:13-20:85
202                android:name="com.google.firebase.components:com.google.firebase.installations.FirebaseInstallationsRegistrar"
202-->[com.google.firebase:firebase-installations:17.0.3] AndroidManifest.xml:19:17-127
203                android:value="com.google.firebase.components.ComponentRegistrar" />
203-->[com.google.firebase:firebase-installations:17.0.3] AndroidManifest.xml:20:17-82
204            <meta-data
204-->[com.google.firebase:firebase-abt:21.0.2] AndroidManifest.xml:13:13-15:85
205                android:name="com.google.firebase.components:com.google.firebase.abt.component.AbtRegistrar"
205-->[com.google.firebase:firebase-abt:21.0.2] AndroidManifest.xml:14:17-109
206                android:value="com.google.firebase.components.ComponentRegistrar" />
206-->[com.google.firebase:firebase-abt:21.0.2] AndroidManifest.xml:15:17-82
207            <meta-data
207-->[com.google.firebase:firebase-datatransport:18.1.6] AndroidManifest.xml:28:13-30:85
208                android:name="com.google.firebase.components:com.google.firebase.datatransport.TransportRegistrar"
208-->[com.google.firebase:firebase-datatransport:18.1.6] AndroidManifest.xml:29:17-115
209                android:value="com.google.firebase.components.ComponentRegistrar" />
209-->[com.google.firebase:firebase-datatransport:18.1.6] AndroidManifest.xml:30:17-82
210        </service>
211        <service
211-->[:geolocator_android] AndroidManifest.xml:10:9-14:56
212            android:name="com.baseflow.geolocator.GeolocatorLocationService"
212-->[:geolocator_android] AndroidManifest.xml:11:13-77
213            android:enabled="true"
213-->[:geolocator_android] AndroidManifest.xml:12:13-35
214            android:exported="false"
214-->[:geolocator_android] AndroidManifest.xml:13:13-37
215            android:foregroundServiceType="location" />
215-->[:geolocator_android] AndroidManifest.xml:14:13-53
216
217        <activity
217-->[:flutter_inappwebview] AndroidManifest.xml:14:9-18:47
218            android:name="com.pichillilorenzo.flutter_inappwebview.in_app_browser.InAppBrowserActivity"
218-->[:flutter_inappwebview] AndroidManifest.xml:15:13-104
219            android:configChanges="orientation|keyboardHidden|keyboard|screenSize|locale|layoutDirection|fontScale|screenLayout|density"
219-->[:flutter_inappwebview] AndroidManifest.xml:16:13-137
220            android:exported="false"
220-->[:flutter_inappwebview] AndroidManifest.xml:17:13-37
221            android:theme="@style/AppTheme" />
221-->[:flutter_inappwebview] AndroidManifest.xml:18:13-44
222        <activity
222-->[:flutter_inappwebview] AndroidManifest.xml:19:9-22:55
223            android:name="com.pichillilorenzo.flutter_inappwebview.chrome_custom_tabs.ChromeCustomTabsActivity"
223-->[:flutter_inappwebview] AndroidManifest.xml:20:13-112
224            android:exported="false"
224-->[:flutter_inappwebview] AndroidManifest.xml:21:13-37
225            android:theme="@style/ThemeTransparent" />
225-->[:flutter_inappwebview] AndroidManifest.xml:22:13-52
226        <activity
226-->[:flutter_inappwebview] AndroidManifest.xml:23:9-26:55
227            android:name="com.pichillilorenzo.flutter_inappwebview.chrome_custom_tabs.TrustedWebActivity"
227-->[:flutter_inappwebview] AndroidManifest.xml:24:13-106
228            android:exported="false"
228-->[:flutter_inappwebview] AndroidManifest.xml:25:13-37
229            android:theme="@style/ThemeTransparent" />
229-->[:flutter_inappwebview] AndroidManifest.xml:26:13-52
230        <activity
230-->[:flutter_inappwebview] AndroidManifest.xml:27:9-31:55
231            android:name="com.pichillilorenzo.flutter_inappwebview.chrome_custom_tabs.ChromeCustomTabsActivitySingleInstance"
231-->[:flutter_inappwebview] AndroidManifest.xml:28:13-126
232            android:exported="false"
232-->[:flutter_inappwebview] AndroidManifest.xml:29:13-37
233            android:launchMode="singleInstance"
233-->[:flutter_inappwebview] AndroidManifest.xml:30:13-48
234            android:theme="@style/ThemeTransparent" />
234-->[:flutter_inappwebview] AndroidManifest.xml:31:13-52
235        <activity
235-->[:flutter_inappwebview] AndroidManifest.xml:32:9-36:55
236            android:name="com.pichillilorenzo.flutter_inappwebview.chrome_custom_tabs.TrustedWebActivitySingleInstance"
236-->[:flutter_inappwebview] AndroidManifest.xml:33:13-120
237            android:exported="false"
237-->[:flutter_inappwebview] AndroidManifest.xml:34:13-37
238            android:launchMode="singleInstance"
238-->[:flutter_inappwebview] AndroidManifest.xml:35:13-48
239            android:theme="@style/ThemeTransparent" />
239-->[:flutter_inappwebview] AndroidManifest.xml:36:13-52
240
241        <receiver
241-->[:flutter_inappwebview] AndroidManifest.xml:38:9-41:40
242            android:name="com.pichillilorenzo.flutter_inappwebview.chrome_custom_tabs.ActionBroadcastReceiver"
242-->[:flutter_inappwebview] AndroidManifest.xml:39:13-111
243            android:enabled="true"
243-->[:flutter_inappwebview] AndroidManifest.xml:40:13-35
244            android:exported="false" />
244-->[:flutter_inappwebview] AndroidManifest.xml:41:13-37
245
246        <meta-data
246-->[:flutter_inappwebview] AndroidManifest.xml:43:9-45:36
247            android:name="io.flutter.embedded_views_preview"
247-->[:flutter_inappwebview] AndroidManifest.xml:44:13-61
248            android:value="true" />
248-->[:flutter_inappwebview] AndroidManifest.xml:45:13-33
249
250        <provider
250-->[:image_picker_android] AndroidManifest.xml:8:9-16:20
251            android:name="io.flutter.plugins.imagepicker.ImagePickerFileProvider"
251-->[:image_picker_android] AndroidManifest.xml:9:13-82
252            android:authorities="com.nestcareuser_pranvi.com.flutter.image_provider"
252-->[:image_picker_android] AndroidManifest.xml:10:13-74
253            android:exported="false"
253-->[:image_picker_android] AndroidManifest.xml:11:13-37
254            android:grantUriPermissions="true" >
254-->[:image_picker_android] AndroidManifest.xml:12:13-47
255            <meta-data
255-->[:image_picker_android] AndroidManifest.xml:13:13-15:75
256                android:name="android.support.FILE_PROVIDER_PATHS"
256-->[:image_picker_android] AndroidManifest.xml:14:17-67
257                android:resource="@xml/flutter_image_picker_file_paths" />
257-->[:image_picker_android] AndroidManifest.xml:15:17-72
258        </provider>
259
260        <activity
260-->[:url_launcher_android] AndroidManifest.xml:8:9-11:74
261            android:name="io.flutter.plugins.urllauncher.WebViewActivity"
261-->[:url_launcher_android] AndroidManifest.xml:9:13-74
262            android:exported="false"
262-->[:url_launcher_android] AndroidManifest.xml:10:13-37